{"/Users/aysinakpinar/Desktop/Bootcamp/07_javascript_engineering_project_2/acebook-mern-vite/api/db/db.js": {"path":"/Users/aysinakpinar/Desktop/Bootcamp/07_javascript_engineering_project_2/acebook-mern-vite/api/db/db.js","statementMap":{"0":{"start":{"line":1,"column":17},"end":{"line":1,"column":36}},"1":{"start":{"line":4,"column":21},"end":{"line":4,"column":44}},"2":{"start":{"line":6,"column":2},"end":{"line":11,"column":3}},"3":{"start":{"line":7,"column":4},"end":{"line":9,"column":6}},"4":{"start":{"line":10,"column":4},"end":{"line":10,"column":53}},"5":{"start":{"line":13,"column":2},"end":{"line":13,"column":37}},"6":{"start":{"line":15,"column":2},"end":{"line":17,"column":3}},"7":{"start":{"line":16,"column":4},"end":{"line":16,"column":53}},"8":{"start":{"line":20,"column":0},"end":{"line":20,"column":39}}},"fnMap":{"0":{"name":"connectToDatabase","decl":{"start":{"line":3,"column":15},"end":{"line":3,"column":32}},"loc":{"start":{"line":3,"column":35},"end":{"line":18,"column":1}},"line":3}},"branchMap":{"0":{"loc":{"start":{"line":6,"column":2},"end":{"line":11,"column":3}},"type":"if","locations":[{"start":{"line":6,"column":2},"end":{"line":11,"column":3}},{"start":{},"end":{}}],"line":6},"1":{"loc":{"start":{"line":15,"column":2},"end":{"line":17,"column":3}},"type":"if","locations":[{"start":{"line":15,"column":2},"end":{"line":17,"column":3}},{"start":{},"end":{}}],"line":15}},"s":{"0":1,"1":1,"2":1,"3":1,"4":1,"5":0,"6":0,"7":0,"8":1},"f":{"0":1},"b":{"0":[1,0],"1":[0,0]},"_coverageSchema":"1a1c01bbd47fc00a2c39e90264f33305004495a9","hash":"05ff723b490f2c95080196f9a5b668b8744e73a9"}
,"/Users/aysinakpinar/Desktop/Bootcamp/07_javascript_engineering_project_2/acebook-mern-vite/api/models/user.js": {"path":"/Users/aysinakpinar/Desktop/Bootcamp/07_javascript_engineering_project_2/acebook-mern-vite/api/models/user.js","statementMap":{"0":{"start":{"line":1,"column":17},"end":{"line":1,"column":36}},"1":{"start":{"line":2,"column":15},"end":{"line":2,"column":34}},"2":{"start":{"line":4,"column":19},"end":{"line":36,"column":2}},"3":{"start":{"line":18,"column":8},"end":{"line":18,"column":98}},"4":{"start":{"line":39,"column":0},"end":{"line":49,"column":3}},"5":{"start":{"line":40,"column":2},"end":{"line":48,"column":3}},"6":{"start":{"line":42,"column":17},"end":{"line":42,"column":41}},"7":{"start":{"line":44,"column":4},"end":{"line":44,"column":59}},"8":{"start":{"line":45,"column":4},"end":{"line":45,"column":11}},"9":{"start":{"line":47,"column":4},"end":{"line":47,"column":16}},"10":{"start":{"line":52,"column":0},"end":{"line":54,"column":2}},"11":{"start":{"line":53,"column":2},"end":{"line":53,"column":58}},"12":{"start":{"line":56,"column":13},"end":{"line":56,"column":47}},"13":{"start":{"line":58,"column":0},"end":{"line":58,"column":22}}},"fnMap":{"0":{"name":"(anonymous_0)","decl":{"start":{"line":16,"column":17},"end":{"line":16,"column":18}},"loc":{"start":{"line":16,"column":34},"end":{"line":19,"column":7}},"line":16},"1":{"name":"(anonymous_1)","decl":{"start":{"line":39,"column":23},"end":{"line":39,"column":24}},"loc":{"start":{"line":39,"column":45},"end":{"line":49,"column":1}},"line":39},"2":{"name":"(anonymous_2)","decl":{"start":{"line":52,"column":37},"end":{"line":52,"column":38}},"loc":{"start":{"line":52,"column":72},"end":{"line":54,"column":1}},"line":52}},"branchMap":{},"s":{"0":1,"1":1,"2":1,"3":0,"4":1,"5":0,"6":0,"7":0,"8":0,"9":0,"10":1,"11":0,"12":1,"13":1},"f":{"0":0,"1":0,"2":0},"b":{},"_coverageSchema":"1a1c01bbd47fc00a2c39e90264f33305004495a9","hash":"f62f959a0009b2dd3b30d6eceae83b1ad3fad0fc"}
,"/Users/aysinakpinar/Desktop/Bootcamp/07_javascript_engineering_project_2/acebook-mern-vite/api/tests/mongodb_helper.js": {"path":"/Users/aysinakpinar/Desktop/Bootcamp/07_javascript_engineering_project_2/acebook-mern-vite/api/tests/mongodb_helper.js","statementMap":{"0":{"start":{"line":1,"column":17},"end":{"line":1,"column":36}},"1":{"start":{"line":2,"column":30},"end":{"line":2,"column":49}},"2":{"start":{"line":4,"column":0},"end":{"line":6,"column":3}},"3":{"start":{"line":5,"column":2},"end":{"line":5,"column":28}},"4":{"start":{"line":8,"column":0},"end":{"line":10,"column":3}},"5":{"start":{"line":9,"column":2},"end":{"line":9,"column":40}}},"fnMap":{"0":{"name":"(anonymous_0)","decl":{"start":{"line":4,"column":10},"end":{"line":4,"column":11}},"loc":{"start":{"line":4,"column":22},"end":{"line":6,"column":1}},"line":4},"1":{"name":"(anonymous_1)","decl":{"start":{"line":8,"column":9},"end":{"line":8,"column":10}},"loc":{"start":{"line":8,"column":21},"end":{"line":10,"column":1}},"line":8}},"branchMap":{},"s":{"0":1,"1":1,"2":1,"3":1,"4":1,"5":1},"f":{"0":1,"1":1},"b":{},"_coverageSchema":"1a1c01bbd47fc00a2c39e90264f33305004495a9","hash":"f1b9511f4e2e99e904450fb89ce74f741c0175e0"}
}
