TN:
SF:api/db/db.js
FN:3,connectToDatabase
FNF:1
FNH:1
FNDA:1,connectToDatabase
DA:1,1
DA:4,1
DA:6,1
DA:7,1
DA:10,1
DA:13,0
DA:15,0
DA:16,0
DA:20,1
LF:9
LH:6
BRDA:6,0,0,1
BRDA:6,0,1,0
BRDA:15,1,0,0
BRDA:15,1,1,0
BRF:4
BRH:1
end_of_record
TN:
SF:api/models/user.js
FN:16,(anonymous_0)
FN:39,(anonymous_1)
FN:52,(anonymous_2)
FNF:3
FNH:0
FNDA:0,(anonymous_0)
FNDA:0,(anonymous_1)
FNDA:0,(anonymous_2)
DA:1,1
DA:2,1
DA:4,1
DA:18,0
DA:39,1
DA:40,0
DA:42,0
DA:44,0
DA:45,0
DA:47,0
DA:52,1
DA:53,0
DA:56,1
DA:58,1
LF:14
LH:7
BRF:0
BRH:0
end_of_record
TN:
SF:api/tests/mongodb_helper.js
FN:4,(anonymous_0)
FN:8,(anonymous_1)
FNF:2
FNH:2
FNDA:1,(anonymous_0)
FNDA:1,(anonymous_1)
DA:1,1
DA:2,1
DA:4,1
DA:5,1
DA:8,1
DA:9,1
LF:6
LH:6
BRF:0
BRH:0
end_of_record
